<?xml version="1.0" encoding="UTF-8"?>
<testng-results ignored="0" total="1" passed="1" failed="0" skipped="0">
  <reporter-output>
  </reporter-output>
  <suite started-at="2025-08-25T22:58:12 IST" name="Suite" finished-at="2025-08-25T22:59:23 IST" duration-ms="71470">
    <groups>
      <group name="cucumber">
        <method signature="AbstractTestNGCucumberTests.runScenario(io.cucumber.testng.PickleWrapper,io.cucumber.testng.FeatureWrapper)[pri:0, instance:com.Capium365.RunnerFiles.Capium365_Dashboard_Runner@399c4be1]" name="runScenario" class="io.cucumber.testng.AbstractTestNGCucumberTests"/>
      </group> <!-- cucumber -->
    </groups>
    <test started-at="2025-08-25T22:58:12 IST" name="Test" finished-at="2025-08-25T22:59:23 IST" duration-ms="71470">
      <class name="com.Capium365.RunnerFiles.Capium365_Dashboard_Runner">
        <test-method is-config="true" signature="setUpClass(org.testng.ITestContext)[pri:0, instance:com.Capium365.RunnerFiles.Capium365_Dashboard_Runner@399c4be1]" started-at="2025-08-25T22:58:12 IST" name="setUpClass" finished-at="2025-08-25T22:58:15 IST" duration-ms="2774" status="PASS">
          <params>
            <param index="0">
              <value>
                <![CDATA[org.testng.TestRunner@20c3b34b]]>
              </value>
            </param>
          </params>
          <reporter-output>
          </reporter-output>
        </test-method> <!-- setUpClass -->
        <test-method signature="runScenario(io.cucumber.testng.PickleWrapper,io.cucumber.testng.FeatureWrapper)[pri:0, instance:com.Capium365.RunnerFiles.Capium365_Dashboard_Runner@399c4be1]" started-at="2025-08-25T22:58:15 IST" name="runScenario" description="Runs Cucumber Scenarios" data-provider="scenarios" finished-at="2025-08-25T22:59:23 IST" duration-ms="67757" status="PASS">
          <params>
            <param index="0">
              <value>
                <![CDATA["Validate Invoice dashboard chart for 'Time Filter'"]]>
              </value>
            </param>
            <param index="1">
              <value>
                <![CDATA["Dashboard Chart Validation"]]>
              </value>
            </param>
          </params>
          <reporter-output>
          </reporter-output>
        </test-method> <!-- runScenario -->
        <test-method is-config="true" signature="tearDownClass()[pri:0, instance:com.Capium365.RunnerFiles.Capium365_Dashboard_Runner@399c4be1]" started-at="2025-08-25T22:59:23 IST" name="tearDownClass" finished-at="2025-08-25T22:59:23 IST" duration-ms="869" status="PASS">
          <reporter-output>
          </reporter-output>
        </test-method> <!-- tearDownClass -->
      </class> <!-- com.Capium365.RunnerFiles.Capium365_Dashboard_Runner -->
    </test> <!-- Test -->
  </suite> <!-- Suite -->
</testng-results>
